Arguments: 
  /usr/local/bin/node /Users/mac/.yarn/bin/yarn.js add @nestjs/schedule

PATH: 
  /usr/local/bin:/usr/bin:/bin:/usr/sbin:/sbin:/opt/homebrew/bin:/opt/homebrew/sbin:/Users/mac/.yarn/bin:/Users/mac/.config/yarn/global/node_modules/.bin:/Users/mac/.npm-global/bin:/Users/mac/.rvm/bin

Yarn version: 
  1.22.18

Node version: 
  16.15.1

Platform: 
  darwin arm64

Trace: 
  Error: https://github.com/dignifiedquire/webcrypto-shim: ESOCKETTIMEDOUT
      at ClientRequest.<anonymous> (/Users/mac/.yarn/lib/cli.js:141510:19)
      at Object.onceWrapper (node:events:641:28)
      at ClientRequest.emit (node:events:527:28)
      at TLSSocket.emitRequestTimeout (node:_http_client:771:9)
      at Object.onceWrapper (node:events:641:28)
      at TLSSocket.emit (node:events:539:35)
      at TLSSocket.Socket._onTimeout (node:net:516:8)
      at listOnTimeout (node:internal/timers:559:17)
      at processTimers (node:internal/timers:502:7)

npm manifest: 
  {
    "name": "code-market",
    "version": "0.0.1",
    "description": "",
    "author": "",
    "private": true,
    "license": "UNLICENSED",
    "scripts": {
      "prebuild": "rimraf dist",
      "build": "nest build",
      "format": "prettier --write \"src/**/*.ts\" \"test/**/*.ts\"",
      "start": "nest start",
      "start:dev": "nest start --watch",
      "start:debug": "nest start --debug --watch",
      "start:prod": "node dist/main",
      "lint": "eslint \"{src,apps,libs,test}/**/*.ts\" --fix",
      "test": "jest",
      "test:watch": "jest --watch",
      "test:cov": "jest --coverage",
      "test:debug": "node --inspect-brk -r tsconfig-paths/register -r ts-node/register node_modules/.bin/jest --runInBand",
      "test:e2e": "jest --config ./test/jest-e2e.json",
      "db": "rm -rf entities & npx typeorm-model-generator -h localhost -d test -p 5432 -u postgres -x 123456 -e postgres -o src/entity --noConfig true --ce pascal --cp camel"
    },
    "dependencies": {
      "@metamask/detect-provider": "^1.2.0",
      "@nestjs/axios": "^0.0.8",
      "@nestjs/common": "^8.0.0",
      "@nestjs/config": "^2.1.0",
      "@nestjs/core": "^8.0.0",
      "@nestjs/platform-express": "^8.0.0",
      "@nestjs/typeorm": "^8.1.4",
      "axios": "^0.27.2",
      "ethers": "^5.6.9",
      "ipfs-api": "^26.1.2",
      "pg": "^8.7.3",
      "postgresql": "^0.0.1",
      "reflect-metadata": "^0.1.13",
      "rimraf": "^3.0.2",
      "rxjs": "^7.2.0",
      "typeorm": "^0.3.7",
      "upyun": "^3.4.4"
    },
    "devDependencies": {
      "@nestjs/cli": "^8.0.0",
      "@nestjs/schematics": "^8.0.0",
      "@nestjs/testing": "^8.0.0",
      "@types/express": "^4.17.13",
      "@types/jest": "27.5.0",
      "@types/multer": "^1.4.7",
      "@types/node": "^16.0.0",
      "@types/supertest": "^2.0.11",
      "@typescript-eslint/eslint-plugin": "^5.0.0",
      "@typescript-eslint/parser": "^5.0.0",
      "eslint": "^8.0.1",
      "eslint-config-prettier": "^8.3.0",
      "eslint-plugin-prettier": "^4.0.0",
      "jest": "28.0.3",
      "prettier": "^2.3.2",
      "source-map-support": "^0.5.20",
      "supertest": "^6.1.3",
      "ts-jest": "28.0.1",
      "ts-loader": "^9.2.3",
      "ts-node": "^10.0.0",
      "tsconfig-paths": "4.0.0",
      "typescript": "^4.3.5"
    },
    "jest": {
      "moduleFileExtensions": [
        "js",
        "json",
        "ts"
      ],
      "rootDir": "src",
      "testRegex": ".*\\.spec\\.ts$",
      "transform": {
        "^.+\\.(t|j)s$": "ts-jest"
      },
      "collectCoverageFrom": [
        "**/*.(t|j)s"
      ],
      "coverageDirectory": "../coverage",
      "testEnvironment": "node"
    }
  }

yarn manifest: 
  No manifest

Lockfile: 
  No lockfile
